2020-02-27 11:09:36,255 0      [           main] DEBUG ache.ibatis.logging.LogFactory  - Logging initialized using 'class org.apache.ibatis.logging.log4j.Log4jImpl' adapter.
2020-02-27 11:09:36,329 74     [           main] DEBUG source.pooled.PooledDataSource  - PooledDataSource forcefully closed/removed all connections.
2020-02-27 11:09:36,329 74     [           main] DEBUG source.pooled.PooledDataSource  - PooledDataSource forcefully closed/removed all connections.
2020-02-27 11:09:36,329 74     [           main] DEBUG source.pooled.PooledDataSource  - PooledDataSource forcefully closed/removed all connections.
2020-02-27 11:09:36,329 74     [           main] DEBUG source.pooled.PooledDataSource  - PooledDataSource forcefully closed/removed all connections.
2020-02-27 11:09:36,394 139    [           main] DEBUG ansaction.jdbc.JdbcTransaction  - Opening JDBC Connection
2020-02-27 11:09:36,558 303    [           main] DEBUG source.pooled.PooledDataSource  - Created connection 701141022.
2020-02-27 11:09:36,558 303    [           main] DEBUG ansaction.jdbc.JdbcTransaction  - Setting autocommit to false on JDBC Connection [com.mysql.jdbc.JDBC4Connection@29ca901e]
2020-02-27 11:09:36,560 305    [           main] DEBUG  com.xupt.dao.IUserDao.findAll  - ==>  Preparing: select *from user 
2020-02-27 11:09:36,578 323    [           main] DEBUG  com.xupt.dao.IUserDao.findAll  - ==> Parameters: 
2020-02-27 11:09:36,595 340    [           main] DEBUG  com.xupt.dao.IUserDao.findAll  - <==      Total: 1
2020-02-27 11:09:36,598 343    [           main] DEBUG ansaction.jdbc.JdbcTransaction  - Resetting autocommit to true on JDBC Connection [com.mysql.jdbc.JDBC4Connection@29ca901e]
2020-02-27 11:09:36,598 343    [           main] DEBUG ansaction.jdbc.JdbcTransaction  - Closing JDBC Connection [com.mysql.jdbc.JDBC4Connection@29ca901e]
2020-02-27 11:09:36,598 343    [           main] DEBUG source.pooled.PooledDataSource  - Returned connection 701141022 to pool.
2020-02-27 12:24:22,393 0      [           main] DEBUG ache.ibatis.logging.LogFactory  - Logging initialized using 'class org.apache.ibatis.logging.log4j.Log4jImpl' adapter.
2020-02-27 12:24:22,465 72     [           main] DEBUG source.pooled.PooledDataSource  - PooledDataSource forcefully closed/removed all connections.
2020-02-27 12:24:22,465 72     [           main] DEBUG source.pooled.PooledDataSource  - PooledDataSource forcefully closed/removed all connections.
2020-02-27 12:24:22,465 72     [           main] DEBUG source.pooled.PooledDataSource  - PooledDataSource forcefully closed/removed all connections.
2020-02-27 12:24:22,465 72     [           main] DEBUG source.pooled.PooledDataSource  - PooledDataSource forcefully closed/removed all connections.
2020-02-27 12:24:22,520 127    [           main] DEBUG ansaction.jdbc.JdbcTransaction  - Opening JDBC Connection
2020-02-27 12:24:22,675 282    [           main] DEBUG source.pooled.PooledDataSource  - Created connection 701141022.
2020-02-27 12:24:22,676 283    [           main] DEBUG ansaction.jdbc.JdbcTransaction  - Setting autocommit to false on JDBC Connection [com.mysql.jdbc.JDBC4Connection@29ca901e]
2020-02-27 12:24:22,677 284    [           main] DEBUG  com.xupt.dao.IUserDao.findAll  - ==>  Preparing: select *from user 
2020-02-27 12:24:22,695 302    [           main] DEBUG  com.xupt.dao.IUserDao.findAll  - ==> Parameters: 
2020-02-27 12:24:22,708 315    [           main] DEBUG  com.xupt.dao.IUserDao.findAll  - <==      Total: 1
2020-02-27 12:24:22,711 318    [           main] DEBUG ansaction.jdbc.JdbcTransaction  - Resetting autocommit to true on JDBC Connection [com.mysql.jdbc.JDBC4Connection@29ca901e]
2020-02-27 12:24:22,711 318    [           main] DEBUG ansaction.jdbc.JdbcTransaction  - Closing JDBC Connection [com.mysql.jdbc.JDBC4Connection@29ca901e]
2020-02-27 12:24:22,711 318    [           main] DEBUG source.pooled.PooledDataSource  - Returned connection 701141022 to pool.
2020-02-27 12:36:47,851 0      [           main] DEBUG ache.ibatis.logging.LogFactory  - Logging initialized using 'class org.apache.ibatis.logging.log4j.Log4jImpl' adapter.
2020-02-27 12:36:47,921 70     [           main] DEBUG source.pooled.PooledDataSource  - PooledDataSource forcefully closed/removed all connections.
2020-02-27 12:36:47,921 70     [           main] DEBUG source.pooled.PooledDataSource  - PooledDataSource forcefully closed/removed all connections.
2020-02-27 12:36:47,921 70     [           main] DEBUG source.pooled.PooledDataSource  - PooledDataSource forcefully closed/removed all connections.
2020-02-27 12:36:47,921 70     [           main] DEBUG source.pooled.PooledDataSource  - PooledDataSource forcefully closed/removed all connections.
2020-02-27 12:37:35,410 0      [           main] DEBUG ache.ibatis.logging.LogFactory  - Logging initialized using 'class org.apache.ibatis.logging.log4j.Log4jImpl' adapter.
2020-02-27 12:37:35,479 69     [           main] DEBUG source.pooled.PooledDataSource  - PooledDataSource forcefully closed/removed all connections.
2020-02-27 12:37:35,480 70     [           main] DEBUG source.pooled.PooledDataSource  - PooledDataSource forcefully closed/removed all connections.
2020-02-27 12:37:35,480 70     [           main] DEBUG source.pooled.PooledDataSource  - PooledDataSource forcefully closed/removed all connections.
2020-02-27 12:37:35,480 70     [           main] DEBUG source.pooled.PooledDataSource  - PooledDataSource forcefully closed/removed all connections.
2020-02-27 12:38:33,870 0      [           main] DEBUG ache.ibatis.logging.LogFactory  - Logging initialized using 'class org.apache.ibatis.logging.log4j.Log4jImpl' adapter.
2020-02-27 12:38:33,942 72     [           main] DEBUG source.pooled.PooledDataSource  - PooledDataSource forcefully closed/removed all connections.
2020-02-27 12:38:33,942 72     [           main] DEBUG source.pooled.PooledDataSource  - PooledDataSource forcefully closed/removed all connections.
2020-02-27 12:38:33,942 72     [           main] DEBUG source.pooled.PooledDataSource  - PooledDataSource forcefully closed/removed all connections.
2020-02-27 12:38:33,942 72     [           main] DEBUG source.pooled.PooledDataSource  - PooledDataSource forcefully closed/removed all connections.
2020-02-27 12:38:33,996 126    [           main] DEBUG ansaction.jdbc.JdbcTransaction  - Opening JDBC Connection
2020-02-27 12:38:34,157 287    [           main] DEBUG source.pooled.PooledDataSource  - Created connection 1447689627.
2020-02-27 12:38:34,157 287    [           main] DEBUG ansaction.jdbc.JdbcTransaction  - Setting autocommit to false on JDBC Connection [com.mysql.jdbc.JDBC4Connection@5649fd9b]
2020-02-27 12:38:34,159 289    [           main] DEBUG pt.dao.IUserInfoDao.selectUser  - ==>  Preparing: select *from user 
2020-02-27 12:38:34,179 309    [           main] DEBUG pt.dao.IUserInfoDao.selectUser  - ==> Parameters: 
2020-02-27 12:41:00,229 0      [           main] DEBUG ache.ibatis.logging.LogFactory  - Logging initialized using 'class org.apache.ibatis.logging.log4j.Log4jImpl' adapter.
2020-02-27 12:41:00,301 72     [           main] DEBUG source.pooled.PooledDataSource  - PooledDataSource forcefully closed/removed all connections.
2020-02-27 12:41:00,302 73     [           main] DEBUG source.pooled.PooledDataSource  - PooledDataSource forcefully closed/removed all connections.
2020-02-27 12:41:00,302 73     [           main] DEBUG source.pooled.PooledDataSource  - PooledDataSource forcefully closed/removed all connections.
2020-02-27 12:41:00,302 73     [           main] DEBUG source.pooled.PooledDataSource  - PooledDataSource forcefully closed/removed all connections.
2020-02-27 12:41:00,355 126    [           main] DEBUG ansaction.jdbc.JdbcTransaction  - Opening JDBC Connection
2020-02-27 12:41:00,522 293    [           main] DEBUG source.pooled.PooledDataSource  - Created connection 1447689627.
2020-02-27 12:41:00,523 294    [           main] DEBUG ansaction.jdbc.JdbcTransaction  - Setting autocommit to false on JDBC Connection [com.mysql.jdbc.JDBC4Connection@5649fd9b]
2020-02-27 12:41:00,525 296    [           main] DEBUG pt.dao.IUserInfoDao.selectUser  - ==>  Preparing: select *from user 
2020-02-27 12:41:00,544 315    [           main] DEBUG pt.dao.IUserInfoDao.selectUser  - ==> Parameters: 
2020-02-27 12:42:19,053 0      [           main] DEBUG ache.ibatis.logging.LogFactory  - Logging initialized using 'class org.apache.ibatis.logging.log4j.Log4jImpl' adapter.
2020-02-27 12:42:19,127 74     [           main] DEBUG source.pooled.PooledDataSource  - PooledDataSource forcefully closed/removed all connections.
2020-02-27 12:42:19,127 74     [           main] DEBUG source.pooled.PooledDataSource  - PooledDataSource forcefully closed/removed all connections.
2020-02-27 12:42:19,128 75     [           main] DEBUG source.pooled.PooledDataSource  - PooledDataSource forcefully closed/removed all connections.
2020-02-27 12:42:19,128 75     [           main] DEBUG source.pooled.PooledDataSource  - PooledDataSource forcefully closed/removed all connections.
2020-02-27 12:42:19,185 132    [           main] DEBUG ansaction.jdbc.JdbcTransaction  - Opening JDBC Connection
2020-02-27 12:42:19,348 295    [           main] DEBUG source.pooled.PooledDataSource  - Created connection 1447689627.
2020-02-27 12:42:19,348 295    [           main] DEBUG ansaction.jdbc.JdbcTransaction  - Setting autocommit to false on JDBC Connection [com.mysql.jdbc.JDBC4Connection@5649fd9b]
2020-02-27 12:42:19,350 297    [           main] DEBUG pt.dao.IUserInfoDao.selectUser  - ==>  Preparing: select * from usertable 
2020-02-27 12:42:19,372 319    [           main] DEBUG pt.dao.IUserInfoDao.selectUser  - ==> Parameters: 
2020-02-27 12:42:19,393 340    [           main] DEBUG pt.dao.IUserInfoDao.selectUser  - <==      Total: 3
2022-02-26 21:16:22,381 0      [           main] DEBUG ache.ibatis.logging.LogFactory  - Logging initialized using 'class org.apache.ibatis.logging.log4j.Log4jImpl' adapter.
2022-02-26 21:16:22,574 193    [           main] DEBUG source.pooled.PooledDataSource  - PooledDataSource forcefully closed/removed all connections.
2022-02-26 21:16:22,574 193    [           main] DEBUG source.pooled.PooledDataSource  - PooledDataSource forcefully closed/removed all connections.
2022-02-26 21:16:22,575 194    [           main] DEBUG source.pooled.PooledDataSource  - PooledDataSource forcefully closed/removed all connections.
2022-02-26 21:16:22,575 194    [           main] DEBUG source.pooled.PooledDataSource  - PooledDataSource forcefully closed/removed all connections.
2022-02-26 21:16:22,728 347    [           main] DEBUG ansaction.jdbc.JdbcTransaction  - Opening JDBC Connection
2022-02-26 21:16:23,097 716    [           main] DEBUG source.pooled.PooledDataSource  - Created connection 1447689627.
2022-02-26 21:16:23,098 717    [           main] DEBUG ansaction.jdbc.JdbcTransaction  - Setting autocommit to false on JDBC Connection [com.mysql.jdbc.JDBC4Connection@5649fd9b]
2022-02-26 21:16:23,101 720    [           main] DEBUG pt.dao.IUserInfoDao.selectUser  - ==>  Preparing: select * from usertable 
2022-02-26 21:16:23,143 762    [           main] DEBUG pt.dao.IUserInfoDao.selectUser  - ==> Parameters: 
2022-02-26 21:16:23,188 807    [           main] DEBUG pt.dao.IUserInfoDao.selectUser  - <==      Total: 3
2022-02-26 21:16:50,140 0      [           main] DEBUG ache.ibatis.logging.LogFactory  - Logging initialized using 'class org.apache.ibatis.logging.log4j.Log4jImpl' adapter.
2022-02-26 21:16:50,325 185    [           main] DEBUG source.pooled.PooledDataSource  - PooledDataSource forcefully closed/removed all connections.
2022-02-26 21:16:50,325 185    [           main] DEBUG source.pooled.PooledDataSource  - PooledDataSource forcefully closed/removed all connections.
2022-02-26 21:16:50,325 185    [           main] DEBUG source.pooled.PooledDataSource  - PooledDataSource forcefully closed/removed all connections.
2022-02-26 21:16:50,326 186    [           main] DEBUG source.pooled.PooledDataSource  - PooledDataSource forcefully closed/removed all connections.
2022-02-26 21:16:50,456 316    [           main] DEBUG ansaction.jdbc.JdbcTransaction  - Opening JDBC Connection
2022-02-26 21:16:50,806 666    [           main] DEBUG source.pooled.PooledDataSource  - Created connection 1447689627.
2022-02-26 21:16:50,806 666    [           main] DEBUG ansaction.jdbc.JdbcTransaction  - Setting autocommit to false on JDBC Connection [com.mysql.jdbc.JDBC4Connection@5649fd9b]
2022-02-26 21:16:50,811 671    [           main] DEBUG pt.dao.IUserInfoDao.selectUser  - ==>  Preparing: select * from usertable 
2022-02-26 21:16:50,859 719    [           main] DEBUG pt.dao.IUserInfoDao.selectUser  - ==> Parameters: 
2022-02-26 21:16:50,896 756    [           main] DEBUG pt.dao.IUserInfoDao.selectUser  - <==      Total: 3
2022-03-08 20:54:53,269 0      [           main] DEBUG ache.ibatis.logging.LogFactory  - Logging initialized using 'class org.apache.ibatis.logging.log4j.Log4jImpl' adapter.
2022-03-08 20:54:53,565 296    [           main] DEBUG source.pooled.PooledDataSource  - PooledDataSource forcefully closed/removed all connections.
2022-03-08 20:54:53,565 296    [           main] DEBUG source.pooled.PooledDataSource  - PooledDataSource forcefully closed/removed all connections.
2022-03-08 20:54:53,566 297    [           main] DEBUG source.pooled.PooledDataSource  - PooledDataSource forcefully closed/removed all connections.
2022-03-08 20:54:53,566 297    [           main] DEBUG source.pooled.PooledDataSource  - PooledDataSource forcefully closed/removed all connections.
2022-03-08 20:54:53,761 492    [           main] DEBUG ansaction.jdbc.JdbcTransaction  - Opening JDBC Connection
2022-03-08 20:54:54,236 967    [           main] DEBUG source.pooled.PooledDataSource  - Created connection 1497845528.
2022-03-08 20:54:54,237 968    [           main] DEBUG ansaction.jdbc.JdbcTransaction  - Setting autocommit to false on JDBC Connection [com.mysql.jdbc.JDBC4Connection@59474f18]
2022-03-08 20:54:54,239 970    [           main] DEBUG pt.dao.IUserInfoDao.selectUser  - ==>  Preparing: select * from usertable 
2022-03-08 20:54:54,286 1017   [           main] DEBUG pt.dao.IUserInfoDao.selectUser  - ==> Parameters: 
2022-03-08 20:54:54,328 1059   [           main] DEBUG pt.dao.IUserInfoDao.selectUser  - <==      Total: 3
